{
  "stats": {
    "suites": 1,
    "tests": 2,
    "passes": 2,
    "pending": 0,
    "failures": 0,
    "start": "2023-10-28T10:15:01.477Z",
    "end": "2023-10-28T10:15:02.139Z",
    "duration": 662,
    "testsRegistered": 2,
    "passPercent": 100,
    "pendingPercent": 0,
    "other": 0,
    "hasOther": false,
    "skipped": 0,
    "hasSkipped": false
  },
  "results": [
    {
      "uuid": "999a83eb-6eca-4f20-9002-35b6662dfc69",
      "title": "",
      "fullFile": "/home/runner/work/user-micro-service/user-micro-service/src/test/regression_tests.js",
      "file": "/src/test/regression_tests.js",
      "beforeHooks": [],
      "afterHooks": [],
      "tests": [],
      "suites": [
        {
          "uuid": "0097c272-8612-44f9-bf14-1024f36059f7",
          "title": "User service regression tests",
          "fullFile": "/home/runner/work/user-micro-service/user-micro-service/src/test/regression_tests.js",
          "file": "/src/test/regression_tests.js",
          "beforeHooks": [],
          "afterHooks": [],
          "tests": [
            {
              "title": "Regression Test 1",
              "fullTitle": "User service regression tests Regression Test 1",
              "timedOut": false,
              "duration": 328,
              "state": "passed",
              "speed": "slow",
              "pass": true,
              "fail": false,
              "pending": false,
              "context": null,
              "code": "const response = await fetch('https://user-service-azky.onrender.com/api/user/get-all-users');\n        expect(response.status).to.equal(200);\n        const data = await response.json();\n        console.log(data);",
              "err": {},
              "uuid": "02f23a0a-0e27-445b-8eb2-0bf2adb1e8cf",
              "parentUUID": "0097c272-8612-44f9-bf14-1024f36059f7",
              "isHook": false,
              "skipped": false
            },
            {
              "title": "Regression Test 2",
              "fullTitle": "User service regression tests Regression Test 2",
              "timedOut": false,
              "duration": 329,
              "state": "passed",
              "speed": "slow",
              "pass": true,
              "fail": false,
              "pending": false,
              "context": null,
              "code": "const response = await fetch('https://user-service-azky.onrender.com/api/user/get-all-users');\n        expect(response.status).to.equal(200);\n        const data = await response.json();\n        console.log(data);",
              "err": {},
              "uuid": "2b2b3861-b74b-4e00-9282-7addee62c93f",
              "parentUUID": "0097c272-8612-44f9-bf14-1024f36059f7",
              "isHook": false,
              "skipped": false
            }
          ],
          "suites": [],
          "passes": [
            "02f23a0a-0e27-445b-8eb2-0bf2adb1e8cf",
            "2b2b3861-b74b-4e00-9282-7addee62c93f"
          ],
          "failures": [],
          "pending": [],
          "skipped": [],
          "duration": 657,
          "root": false,
          "rootEmpty": false,
          "_timeout": 2000
        }
      ],
      "passes": [],
      "failures": [],
      "pending": [],
      "skipped": [],
      "duration": 0,
      "root": true,
      "rootEmpty": true,
      "_timeout": 2000
    }
  ],
  "meta": {
    "mocha": {
      "version": "10.2.0"
    },
    "mochawesome": {
      "options": {
        "quiet": false,
        "reportFilename": "mochawesome",
        "saveHtml": true,
        "saveJson": true,
        "consoleReporter": "spec",
        "useInlineDiffs": false,
        "code": true
      },
      "version": "7.1.3"
    },
    "marge": {
      "options": null,
      "version": "6.2.0"
    }
  }
}